[2025-07-01 12:13:05] MEDICAL_REWARD: 样本 1:
[2025-07-01 12:13:05] MEDICAL_REWARD: 预测文本: cardiomegaly, lung opacity...
[2025-07-01 12:13:05] MEDICAL_REWARD: 预测标签: ['cardiomegaly', 'lung opacity']
[2025-07-01 12:13:05] MEDICAL_REWARD: 真实标签: ['cardiomegaly', 'lung opacity']
[2025-07-01 12:13:05] MEDICAL_REWARD: 子集奖励: 1.000
[2025-07-01 12:13:05] MEDICAL_REWARD: 验证方法: exact_match
[2025-07-01 12:13:05] MEDICAL_REWARD: 分类奖励: 1.000
[2025-07-01 12:13:05] MEDICAL_REWARD: 重复惩罚后: 1.000
[2025-07-01 12:13:05] MEDICAL_REWARD: 格式分数: 1.000 (权重: 0.1)
[2025-07-01 12:13:05] MEDICAL_REWARD: 最终分数: 0.100×1.000 + 0.900×1.000 = 1.000
[2025-07-01 12:13:05] MEDICAL_REWARD: F1: 1.000, Hamming Acc: 1.000
[2025-07-01 12:13:05] MEDICAL_REWARD: ---
[2025-07-01 12:13:05] MEDICAL_REWARD: 样本 2:
[2025-07-01 12:13:05] MEDICAL_REWARD: 预测文本: cardiomegaly...
[2025-07-01 12:13:05] MEDICAL_REWARD: 预测标签: ['cardiomegaly']
[2025-07-01 12:13:05] MEDICAL_REWARD: 真实标签: ['cardiomegaly', 'lung opacity']
[2025-07-01 12:13:05] MEDICAL_REWARD: 子集奖励: 0.000
[2025-07-01 12:13:05] MEDICAL_REWARD: 验证方法: subset_no_reward
[2025-07-01 12:13:05] MEDICAL_REWARD: 子集奖励为0，直接给0分（没有预测对任何标签）
[2025-07-01 12:13:05] MEDICAL_REWARD: 分类奖励: 0.000
[2025-07-01 12:13:05] MEDICAL_REWARD: 重复惩罚后: 0.000
[2025-07-01 12:13:05] MEDICAL_REWARD: 格式分数: 1.000 (权重: 0.1)
[2025-07-01 12:13:05] MEDICAL_REWARD: 最终分数: 0.100×1.000 + 0.900×0.000 = 0.100
[2025-07-01 12:13:05] MEDICAL_REWARD: F1: 0.667, Hamming Acc: 0.929
[2025-07-01 12:13:05] MEDICAL_REWARD: ---
[2025-07-01 12:13:05] MEDICAL_REWARD: 样本 3:
[2025-07-01 12:13:05] MEDICAL_REWARD: 预测文本: cardiomegaly, lung opacity, edema...
[2025-07-01 12:13:05] MEDICAL_REWARD: 预测标签: ['cardiomegaly', 'lung opacity', 'edema']
[2025-07-01 12:13:05] MEDICAL_REWARD: 真实标签: ['cardiomegaly', 'lung opacity']
[2025-07-01 12:13:05] MEDICAL_REWARD: 子集奖励: 0.000
[2025-07-01 12:13:05] MEDICAL_REWARD: 验证方法: superset_no_reward
[2025-07-01 12:13:05] MEDICAL_REWARD: 子集奖励为0，直接给0分（没有预测对任何标签）
[2025-07-01 12:13:05] MEDICAL_REWARD: 分类奖励: 0.000
[2025-07-01 12:13:05] MEDICAL_REWARD: 重复惩罚后: 0.000
[2025-07-01 12:13:05] MEDICAL_REWARD: 格式分数: 1.000 (权重: 0.1)
[2025-07-01 12:13:05] MEDICAL_REWARD: 最终分数: 0.100×1.000 + 0.900×0.000 = 0.100
[2025-07-01 12:13:05] MEDICAL_REWARD: F1: 0.800, Hamming Acc: 0.929
[2025-07-01 12:13:05] MEDICAL_REWARD: ---
[2025-07-01 12:13:05] MEDICAL_REWARD: 样本 4:
[2025-07-01 12:13:05] MEDICAL_REWARD: 预测文本: cardiomegaly, edema...
[2025-07-01 12:13:05] MEDICAL_REWARD: 预测标签: ['cardiomegaly', 'edema']
[2025-07-01 12:13:05] MEDICAL_REWARD: 真实标签: ['cardiomegaly', 'lung opacity']
[2025-07-01 12:13:05] MEDICAL_REWARD: 子集奖励: 0.000
[2025-07-01 12:13:05] MEDICAL_REWARD: 验证方法: partial_overlap_no_reward
[2025-07-01 12:13:05] MEDICAL_REWARD: 子集奖励为0，直接给0分（没有预测对任何标签）
[2025-07-01 12:13:05] MEDICAL_REWARD: 分类奖励: 0.000
[2025-07-01 12:13:05] MEDICAL_REWARD: 重复惩罚后: 0.000
[2025-07-01 12:13:05] MEDICAL_REWARD: 格式分数: 1.000 (权重: 0.1)
[2025-07-01 12:13:05] MEDICAL_REWARD: 最终分数: 0.100×1.000 + 0.900×0.000 = 0.100
[2025-07-01 12:13:05] MEDICAL_REWARD: F1: 0.500, Hamming Acc: 0.857
[2025-07-01 12:13:05] MEDICAL_REWARD: ---
[2025-07-01 12:13:05] MEDICAL_REWARD: 样本 5:
[2025-07-01 12:13:05] MEDICAL_REWARD: 预测文本: pneumonia...
[2025-07-01 12:13:05] MEDICAL_REWARD: 预测标签: ['pneumonia']
[2025-07-01 12:13:05] MEDICAL_REWARD: 真实标签: ['cardiomegaly', 'lung opacity']
[2025-07-01 12:13:05] MEDICAL_REWARD: 子集奖励: 0.000
[2025-07-01 12:13:05] MEDICAL_REWARD: 验证方法: no_match
[2025-07-01 12:13:05] MEDICAL_REWARD: 子集奖励为0，直接给0分（没有预测对任何标签）
[2025-07-01 12:13:05] MEDICAL_REWARD: 分类奖励: 0.000
[2025-07-01 12:13:05] MEDICAL_REWARD: 重复惩罚后: 0.000
[2025-07-01 12:13:05] MEDICAL_REWARD: 格式分数: 1.000 (权重: 0.1)
[2025-07-01 12:13:05] MEDICAL_REWARD: 最终分数: 0.100×1.000 + 0.900×0.000 = 0.100
[2025-07-01 12:13:05] MEDICAL_REWARD: F1: 0.000, Hamming Acc: 0.786
[2025-07-01 12:13:05] MEDICAL_REWARD: ---
[2025-07-01 12:13:05] MEDICAL_REWARD: 样本 6:
[2025-07-01 12:13:05] MEDICAL_REWARD: 预测文本: no finding...
[2025-07-01 12:13:05] MEDICAL_REWARD: 预测标签: ['no finding']
[2025-07-01 12:13:05] MEDICAL_REWARD: 真实标签: ['no finding']
[2025-07-01 12:13:05] MEDICAL_REWARD: 子集奖励: 1.000
[2025-07-01 12:13:05] MEDICAL_REWARD: 验证方法: exact_match
[2025-07-01 12:13:05] MEDICAL_REWARD: 分类奖励: 1.000
[2025-07-01 12:13:05] MEDICAL_REWARD: 重复惩罚后: 1.000
[2025-07-01 12:13:05] MEDICAL_REWARD: 格式分数: 1.000 (权重: 0.1)
[2025-07-01 12:13:05] MEDICAL_REWARD: 最终分数: 0.100×1.000 + 0.900×1.000 = 1.000
[2025-07-01 12:13:05] MEDICAL_REWARD: F1: 1.000, Hamming Acc: 1.000
[2025-07-01 12:13:05] MEDICAL_REWARD: ---
[2025-07-01 12:13:05] MEDICAL_REWARD: 样本 7:
[2025-07-01 12:13:05] MEDICAL_REWARD: 预测文本: cardiomegaly, lung opacity, pneumonia, edema...
[2025-07-01 12:13:05] MEDICAL_REWARD: 预测标签: ['cardiomegaly', 'lung opacity', 'pneumonia', 'edema']
[2025-07-01 12:13:05] MEDICAL_REWARD: 真实标签: ['cardiomegaly', 'lung opacity']
[2025-07-01 12:13:05] MEDICAL_REWARD: 子集奖励: 0.000
[2025-07-01 12:13:05] MEDICAL_REWARD: 验证方法: superset_no_reward
[2025-07-01 12:13:05] MEDICAL_REWARD: 子集奖励为0，直接给0分（没有预测对任何标签）
[2025-07-01 12:13:05] MEDICAL_REWARD: 分类奖励: 0.000
[2025-07-01 12:13:05] MEDICAL_REWARD: 重复惩罚后: 0.000
[2025-07-01 12:13:05] MEDICAL_REWARD: 格式分数: 1.000 (权重: 0.1)
[2025-07-01 12:13:05] MEDICAL_REWARD: 最终分数: 0.100×1.000 + 0.900×0.000 = 0.100
[2025-07-01 12:13:05] MEDICAL_REWARD: F1: 0.667, Hamming Acc: 0.857
[2025-07-01 12:13:05] MEDICAL_REWARD: ---
[2025-07-01 12:13:05] MEDICAL_REWARD: 样本 8:
[2025-07-01 12:13:05] MEDICAL_REWARD: 预测文本: cardiomegaly, pneumonia, fracture...
[2025-07-01 12:13:05] MEDICAL_REWARD: 预测标签: ['cardiomegaly', 'pneumonia', 'fracture']
[2025-07-01 12:13:05] MEDICAL_REWARD: 真实标签: ['cardiomegaly', 'lung opacity']
[2025-07-01 12:13:05] MEDICAL_REWARD: 子集奖励: 0.000
[2025-07-01 12:13:05] MEDICAL_REWARD: 验证方法: partial_overlap_no_reward
[2025-07-01 12:13:05] MEDICAL_REWARD: 子集奖励为0，直接给0分（没有预测对任何标签）
[2025-07-01 12:13:05] MEDICAL_REWARD: 分类奖励: 0.000
[2025-07-01 12:13:05] MEDICAL_REWARD: 重复惩罚后: 0.000
[2025-07-01 12:13:05] MEDICAL_REWARD: 格式分数: 1.000 (权重: 0.1)
[2025-07-01 12:13:05] MEDICAL_REWARD: 最终分数: 0.100×1.000 + 0.900×0.000 = 0.100
[2025-07-01 12:13:05] MEDICAL_REWARD: F1: 0.400, Hamming Acc: 0.786
[2025-07-01 12:13:05] MEDICAL_REWARD: ---
[2025-07-01 12:13:05] MEDICAL_REWARD: 样本 1:
[2025-07-01 12:13:05] MEDICAL_REWARD: 预测文本: cardiomegaly, lung opacity...
[2025-07-01 12:13:05] MEDICAL_REWARD: 预测标签: ['cardiomegaly', 'lung opacity']
[2025-07-01 12:13:05] MEDICAL_REWARD: 真实标签: ['cardiomegaly', 'lung opacity']
[2025-07-01 12:13:05] MEDICAL_REWARD: 子集奖励: 1.000
[2025-07-01 12:13:05] MEDICAL_REWARD: 验证方法: exact_match
[2025-07-01 12:13:05] MEDICAL_REWARD: 分类奖励: 1.000
[2025-07-01 12:13:05] MEDICAL_REWARD: 重复惩罚后: 1.000
[2025-07-01 12:13:05] MEDICAL_REWARD: 格式分数: 1.000 (权重: 0.1)
[2025-07-01 12:13:05] MEDICAL_REWARD: 最终分数: 0.100×1.000 + 0.900×1.000 = 1.000
[2025-07-01 12:13:05] MEDICAL_REWARD: F1: 1.000, Hamming Acc: 1.000
[2025-07-01 12:13:05] MEDICAL_REWARD: ---
[2025-07-01 12:13:05] MEDICAL_REWARD: 样本 2:
[2025-07-01 12:13:05] MEDICAL_REWARD: 预测文本: cardiomegaly...
[2025-07-01 12:13:05] MEDICAL_REWARD: 预测标签: ['cardiomegaly']
[2025-07-01 12:13:05] MEDICAL_REWARD: 真实标签: ['cardiomegaly', 'lung opacity']
[2025-07-01 12:13:05] MEDICAL_REWARD: 子集奖励: 0.400
[2025-07-01 12:13:05] MEDICAL_REWARD: 验证方法: subset_discounted
[2025-07-01 12:13:05] MEDICAL_REWARD: 分类奖励: 0.400
[2025-07-01 12:13:05] MEDICAL_REWARD: 重复惩罚后: 0.400
[2025-07-01 12:13:05] MEDICAL_REWARD: 格式分数: 1.000 (权重: 0.1)
[2025-07-01 12:13:05] MEDICAL_REWARD: 最终分数: 0.100×1.000 + 0.900×0.400 = 0.460
[2025-07-01 12:13:05] MEDICAL_REWARD: F1: 0.667, Hamming Acc: 0.929
[2025-07-01 12:13:05] MEDICAL_REWARD: ---
[2025-07-01 12:13:05] MEDICAL_REWARD: 样本 3:
[2025-07-01 12:13:05] MEDICAL_REWARD: 预测文本: cardiomegaly, lung opacity, edema...
[2025-07-01 12:13:05] MEDICAL_REWARD: 预测标签: ['cardiomegaly', 'lung opacity', 'edema']
[2025-07-01 12:13:05] MEDICAL_REWARD: 真实标签: ['cardiomegaly', 'lung opacity']
[2025-07-01 12:13:05] MEDICAL_REWARD: 子集奖励: 0.600
[2025-07-01 12:13:05] MEDICAL_REWARD: 验证方法: superset_discounted
[2025-07-01 12:13:05] MEDICAL_REWARD: 分类奖励: 0.600
[2025-07-01 12:13:05] MEDICAL_REWARD: 重复惩罚后: 0.600
[2025-07-01 12:13:05] MEDICAL_REWARD: 格式分数: 1.000 (权重: 0.1)
[2025-07-01 12:13:05] MEDICAL_REWARD: 最终分数: 0.100×1.000 + 0.900×0.600 = 0.640
[2025-07-01 12:13:05] MEDICAL_REWARD: F1: 0.800, Hamming Acc: 0.929
[2025-07-01 12:13:05] MEDICAL_REWARD: ---
[2025-07-01 12:13:05] MEDICAL_REWARD: 样本 4:
[2025-07-01 12:13:05] MEDICAL_REWARD: 预测文本: cardiomegaly, edema...
[2025-07-01 12:13:05] MEDICAL_REWARD: 预测标签: ['cardiomegaly', 'edema']
[2025-07-01 12:13:05] MEDICAL_REWARD: 真实标签: ['cardiomegaly', 'lung opacity']
[2025-07-01 12:13:05] MEDICAL_REWARD: 子集奖励: 0.200
[2025-07-01 12:13:05] MEDICAL_REWARD: 验证方法: partial_overlap_recall
[2025-07-01 12:13:05] MEDICAL_REWARD: 分类奖励: 0.200
[2025-07-01 12:13:05] MEDICAL_REWARD: 重复惩罚后: 0.200
[2025-07-01 12:13:05] MEDICAL_REWARD: 格式分数: 1.000 (权重: 0.1)
[2025-07-01 12:13:05] MEDICAL_REWARD: 最终分数: 0.100×1.000 + 0.900×0.200 = 0.280
[2025-07-01 12:13:05] MEDICAL_REWARD: F1: 0.500, Hamming Acc: 0.857
[2025-07-01 12:13:05] MEDICAL_REWARD: ---
[2025-07-01 12:13:05] MEDICAL_REWARD: 样本 5:
[2025-07-01 12:13:05] MEDICAL_REWARD: 预测文本: pneumonia...
[2025-07-01 12:13:05] MEDICAL_REWARD: 预测标签: ['pneumonia']
[2025-07-01 12:13:05] MEDICAL_REWARD: 真实标签: ['cardiomegaly', 'lung opacity']
[2025-07-01 12:13:05] MEDICAL_REWARD: 子集奖励: 0.000
[2025-07-01 12:13:05] MEDICAL_REWARD: 验证方法: no_match
[2025-07-01 12:13:05] MEDICAL_REWARD: 子集奖励为0，直接给0分（没有预测对任何标签）
[2025-07-01 12:13:05] MEDICAL_REWARD: 分类奖励: 0.000
[2025-07-01 12:13:05] MEDICAL_REWARD: 重复惩罚后: 0.000
[2025-07-01 12:13:05] MEDICAL_REWARD: 格式分数: 1.000 (权重: 0.1)
[2025-07-01 12:13:05] MEDICAL_REWARD: 最终分数: 0.100×1.000 + 0.900×0.000 = 0.100
[2025-07-01 12:13:05] MEDICAL_REWARD: F1: 0.000, Hamming Acc: 0.786
[2025-07-01 12:13:05] MEDICAL_REWARD: ---
[2025-07-01 12:13:05] MEDICAL_REWARD: 样本 6:
[2025-07-01 12:13:05] MEDICAL_REWARD: 预测文本: no finding...
[2025-07-01 12:13:05] MEDICAL_REWARD: 预测标签: ['no finding']
[2025-07-01 12:13:05] MEDICAL_REWARD: 真实标签: ['no finding']
[2025-07-01 12:13:05] MEDICAL_REWARD: 子集奖励: 1.000
[2025-07-01 12:13:05] MEDICAL_REWARD: 验证方法: exact_match
[2025-07-01 12:13:05] MEDICAL_REWARD: 分类奖励: 1.000
[2025-07-01 12:13:05] MEDICAL_REWARD: 重复惩罚后: 1.000
[2025-07-01 12:13:05] MEDICAL_REWARD: 格式分数: 1.000 (权重: 0.1)
[2025-07-01 12:13:05] MEDICAL_REWARD: 最终分数: 0.100×1.000 + 0.900×1.000 = 1.000
[2025-07-01 12:13:05] MEDICAL_REWARD: F1: 1.000, Hamming Acc: 1.000
[2025-07-01 12:13:05] MEDICAL_REWARD: ---
[2025-07-01 12:13:05] MEDICAL_REWARD: 样本 7:
[2025-07-01 12:13:05] MEDICAL_REWARD: 预测文本: cardiomegaly, lung opacity, pneumonia, edema...
[2025-07-01 12:13:05] MEDICAL_REWARD: 预测标签: ['cardiomegaly', 'lung opacity', 'pneumonia', 'edema']
[2025-07-01 12:13:05] MEDICAL_REWARD: 真实标签: ['cardiomegaly', 'lung opacity']
[2025-07-01 12:13:05] MEDICAL_REWARD: 子集奖励: 0.600
[2025-07-01 12:13:05] MEDICAL_REWARD: 验证方法: superset_discounted
[2025-07-01 12:13:05] MEDICAL_REWARD: 分类奖励: 0.600
[2025-07-01 12:13:05] MEDICAL_REWARD: 重复惩罚后: 0.600
[2025-07-01 12:13:05] MEDICAL_REWARD: 格式分数: 1.000 (权重: 0.1)
[2025-07-01 12:13:05] MEDICAL_REWARD: 最终分数: 0.100×1.000 + 0.900×0.600 = 0.640
[2025-07-01 12:13:05] MEDICAL_REWARD: F1: 0.667, Hamming Acc: 0.857
[2025-07-01 12:13:05] MEDICAL_REWARD: ---
[2025-07-01 12:13:05] MEDICAL_REWARD: 样本 8:
[2025-07-01 12:13:05] MEDICAL_REWARD: 预测文本: cardiomegaly, pneumonia, fracture...
[2025-07-01 12:13:05] MEDICAL_REWARD: 预测标签: ['cardiomegaly', 'pneumonia', 'fracture']
[2025-07-01 12:13:05] MEDICAL_REWARD: 真实标签: ['cardiomegaly', 'lung opacity']
[2025-07-01 12:13:05] MEDICAL_REWARD: 子集奖励: 0.200
[2025-07-01 12:13:05] MEDICAL_REWARD: 验证方法: partial_overlap_recall
[2025-07-01 12:13:05] MEDICAL_REWARD: 分类奖励: 0.200
[2025-07-01 12:13:05] MEDICAL_REWARD: 重复惩罚后: 0.200
[2025-07-01 12:13:05] MEDICAL_REWARD: 格式分数: 1.000 (权重: 0.1)
[2025-07-01 12:13:05] MEDICAL_REWARD: 最终分数: 0.100×1.000 + 0.900×0.200 = 0.280
[2025-07-01 12:13:05] MEDICAL_REWARD: F1: 0.400, Hamming Acc: 0.786
[2025-07-01 12:13:05] MEDICAL_REWARD: ---
[2025-07-01 12:13:05] MEDICAL_REWARD: 样本 1:
[2025-07-01 12:13:05] MEDICAL_REWARD: 预测文本: cardiomegaly, lung opacity...
[2025-07-01 12:13:05] MEDICAL_REWARD: 预测标签: ['cardiomegaly', 'lung opacity']
[2025-07-01 12:13:05] MEDICAL_REWARD: 真实标签: ['cardiomegaly', 'lung opacity']
[2025-07-01 12:13:05] MEDICAL_REWARD: 子集奖励: 1.000
[2025-07-01 12:13:05] MEDICAL_REWARD: 验证方法: exact_match
[2025-07-01 12:13:05] MEDICAL_REWARD: 分类奖励: 1.000
[2025-07-01 12:13:05] MEDICAL_REWARD: 重复惩罚后: 1.000
[2025-07-01 12:13:05] MEDICAL_REWARD: 格式分数: 1.000 (权重: 0.1)
[2025-07-01 12:13:05] MEDICAL_REWARD: 最终分数: 0.100×1.000 + 0.900×1.000 = 1.000
[2025-07-01 12:13:05] MEDICAL_REWARD: F1: 1.000, Hamming Acc: 1.000
[2025-07-01 12:13:05] MEDICAL_REWARD: ---
[2025-07-01 12:13:05] MEDICAL_REWARD: 样本 2:
[2025-07-01 12:13:05] MEDICAL_REWARD: 预测文本: cardiomegaly...
[2025-07-01 12:13:05] MEDICAL_REWARD: 预测标签: ['cardiomegaly']
[2025-07-01 12:13:05] MEDICAL_REWARD: 真实标签: ['cardiomegaly', 'lung opacity']
[2025-07-01 12:13:05] MEDICAL_REWARD: 子集奖励: 0.500
[2025-07-01 12:13:05] MEDICAL_REWARD: 验证方法: subset_match
[2025-07-01 12:13:05] MEDICAL_REWARD: 分类奖励: 0.500
[2025-07-01 12:13:05] MEDICAL_REWARD: 重复惩罚后: 0.500
[2025-07-01 12:13:05] MEDICAL_REWARD: 格式分数: 1.000 (权重: 0.1)
[2025-07-01 12:13:05] MEDICAL_REWARD: 最终分数: 0.100×1.000 + 0.900×0.500 = 0.550
[2025-07-01 12:13:05] MEDICAL_REWARD: F1: 0.667, Hamming Acc: 0.929
[2025-07-01 12:13:05] MEDICAL_REWARD: ---
[2025-07-01 12:13:05] MEDICAL_REWARD: 样本 3:
[2025-07-01 12:13:05] MEDICAL_REWARD: 预测文本: cardiomegaly, lung opacity, edema...
[2025-07-01 12:13:05] MEDICAL_REWARD: 预测标签: ['cardiomegaly', 'lung opacity', 'edema']
[2025-07-01 12:13:05] MEDICAL_REWARD: 真实标签: ['cardiomegaly', 'lung opacity']
[2025-07-01 12:13:05] MEDICAL_REWARD: 子集奖励: 0.800
[2025-07-01 12:13:05] MEDICAL_REWARD: 验证方法: superset_match
[2025-07-01 12:13:05] MEDICAL_REWARD: 分类奖励: 0.800
[2025-07-01 12:13:05] MEDICAL_REWARD: 重复惩罚后: 0.800
[2025-07-01 12:13:05] MEDICAL_REWARD: 格式分数: 1.000 (权重: 0.1)
[2025-07-01 12:13:05] MEDICAL_REWARD: 最终分数: 0.100×1.000 + 0.900×0.800 = 0.820
[2025-07-01 12:13:05] MEDICAL_REWARD: F1: 0.800, Hamming Acc: 0.929
[2025-07-01 12:13:05] MEDICAL_REWARD: ---
[2025-07-01 12:13:05] MEDICAL_REWARD: 样本 4:
[2025-07-01 12:13:05] MEDICAL_REWARD: 预测文本: cardiomegaly, edema...
[2025-07-01 12:13:05] MEDICAL_REWARD: 预测标签: ['cardiomegaly', 'edema']
[2025-07-01 12:13:05] MEDICAL_REWARD: 真实标签: ['cardiomegaly', 'lung opacity']
[2025-07-01 12:13:05] MEDICAL_REWARD: 子集奖励: 0.167
[2025-07-01 12:13:05] MEDICAL_REWARD: 验证方法: partial_overlap
[2025-07-01 12:13:05] MEDICAL_REWARD: 分类奖励: 0.167
[2025-07-01 12:13:05] MEDICAL_REWARD: 重复惩罚后: 0.167
[2025-07-01 12:13:05] MEDICAL_REWARD: 格式分数: 1.000 (权重: 0.1)
[2025-07-01 12:13:05] MEDICAL_REWARD: 最终分数: 0.100×1.000 + 0.900×0.167 = 0.250
[2025-07-01 12:13:05] MEDICAL_REWARD: F1: 0.500, Hamming Acc: 0.857
[2025-07-01 12:13:05] MEDICAL_REWARD: ---
[2025-07-01 12:13:05] MEDICAL_REWARD: 样本 5:
[2025-07-01 12:13:05] MEDICAL_REWARD: 预测文本: pneumonia...
[2025-07-01 12:13:05] MEDICAL_REWARD: 预测标签: ['pneumonia']
[2025-07-01 12:13:05] MEDICAL_REWARD: 真实标签: ['cardiomegaly', 'lung opacity']
[2025-07-01 12:13:05] MEDICAL_REWARD: 子集奖励: 0.000
[2025-07-01 12:13:05] MEDICAL_REWARD: 验证方法: no_match
[2025-07-01 12:13:05] MEDICAL_REWARD: 子集奖励为0，直接给0分（没有预测对任何标签）
[2025-07-01 12:13:05] MEDICAL_REWARD: 分类奖励: 0.000
[2025-07-01 12:13:05] MEDICAL_REWARD: 重复惩罚后: 0.000
[2025-07-01 12:13:05] MEDICAL_REWARD: 格式分数: 1.000 (权重: 0.1)
[2025-07-01 12:13:05] MEDICAL_REWARD: 最终分数: 0.100×1.000 + 0.900×0.000 = 0.100
[2025-07-01 12:13:05] MEDICAL_REWARD: F1: 0.000, Hamming Acc: 0.786
[2025-07-01 12:13:05] MEDICAL_REWARD: ---
[2025-07-01 12:13:05] MEDICAL_REWARD: 样本 6:
[2025-07-01 12:13:05] MEDICAL_REWARD: 预测文本: no finding...
[2025-07-01 12:13:05] MEDICAL_REWARD: 预测标签: ['no finding']
[2025-07-01 12:13:05] MEDICAL_REWARD: 真实标签: ['no finding']
[2025-07-01 12:13:05] MEDICAL_REWARD: 子集奖励: 1.000
[2025-07-01 12:13:05] MEDICAL_REWARD: 验证方法: exact_match
[2025-07-01 12:13:05] MEDICAL_REWARD: 分类奖励: 1.000
[2025-07-01 12:13:05] MEDICAL_REWARD: 重复惩罚后: 1.000
[2025-07-01 12:13:05] MEDICAL_REWARD: 格式分数: 1.000 (权重: 0.1)
[2025-07-01 12:13:05] MEDICAL_REWARD: 最终分数: 0.100×1.000 + 0.900×1.000 = 1.000
[2025-07-01 12:13:05] MEDICAL_REWARD: F1: 1.000, Hamming Acc: 1.000
[2025-07-01 12:13:05] MEDICAL_REWARD: ---
[2025-07-01 12:13:05] MEDICAL_REWARD: 样本 7:
[2025-07-01 12:13:05] MEDICAL_REWARD: 预测文本: cardiomegaly, lung opacity, pneumonia, edema...
[2025-07-01 12:13:05] MEDICAL_REWARD: 预测标签: ['cardiomegaly', 'lung opacity', 'pneumonia', 'edema']
[2025-07-01 12:13:05] MEDICAL_REWARD: 真实标签: ['cardiomegaly', 'lung opacity']
[2025-07-01 12:13:05] MEDICAL_REWARD: 子集奖励: 0.800
[2025-07-01 12:13:05] MEDICAL_REWARD: 验证方法: superset_match
[2025-07-01 12:13:05] MEDICAL_REWARD: 分类奖励: 0.800
[2025-07-01 12:13:05] MEDICAL_REWARD: 重复惩罚后: 0.800
[2025-07-01 12:13:05] MEDICAL_REWARD: 格式分数: 1.000 (权重: 0.1)
[2025-07-01 12:13:05] MEDICAL_REWARD: 最终分数: 0.100×1.000 + 0.900×0.800 = 0.820
[2025-07-01 12:13:05] MEDICAL_REWARD: F1: 0.667, Hamming Acc: 0.857
[2025-07-01 12:13:05] MEDICAL_REWARD: ---
[2025-07-01 12:13:05] MEDICAL_REWARD: 样本 8:
[2025-07-01 12:13:05] MEDICAL_REWARD: 预测文本: cardiomegaly, pneumonia, fracture...
[2025-07-01 12:13:05] MEDICAL_REWARD: 预测标签: ['cardiomegaly', 'pneumonia', 'fracture']
[2025-07-01 12:13:05] MEDICAL_REWARD: 真实标签: ['cardiomegaly', 'lung opacity']
[2025-07-01 12:13:05] MEDICAL_REWARD: 子集奖励: 0.125
[2025-07-01 12:13:05] MEDICAL_REWARD: 验证方法: partial_overlap
[2025-07-01 12:13:05] MEDICAL_REWARD: 分类奖励: 0.125
[2025-07-01 12:13:05] MEDICAL_REWARD: 重复惩罚后: 0.125
[2025-07-01 12:13:05] MEDICAL_REWARD: 格式分数: 1.000 (权重: 0.1)
[2025-07-01 12:13:05] MEDICAL_REWARD: 最终分数: 0.100×1.000 + 0.900×0.125 = 0.213
[2025-07-01 12:13:05] MEDICAL_REWARD: F1: 0.400, Hamming Acc: 0.786
[2025-07-01 12:13:05] MEDICAL_REWARD: ---
